0 info it worked if it ends with ok
1 verbose cli [ '/opt/boxen/nodenv/versions/v0.10.26/bin/node',
1 verbose cli   '/opt/boxen/nodenv/versions/v0.10.26/bin/npm',
1 verbose cli   'run',
1 verbose cli   'publish' ]
2 info using npm@1.4.3
3 info using node@v0.10.26
4 verbose run-script [ 'prepublish', 'publish', 'postpublish' ]
5 info prepublish @
6 info publish @
7 verbose unsafe-perm in lifecycle true
8 info @ Failed to exec publish script
9 error @ publish: `rm -rf drafts /dev/null 2>&1 && git add --all && git add -u && git commit -m 'Publishing the site' && git push origin master`
9 error Exit status 1
10 error Failed at the @ publish script.
10 error This is most likely a problem with the  package,
10 error not with npm itself.
10 error Tell the author that this fails on your system:
10 error     rm -rf drafts /dev/null 2>&1 && git add --all && git add -u && git commit -m 'Publishing the site' && git push origin master
10 error You can get their info via:
10 error     npm owner ls
10 error There is likely additional logging output above.
11 error System Darwin 13.4.0
12 error command "/opt/boxen/nodenv/versions/v0.10.26/bin/node" "/opt/boxen/nodenv/versions/v0.10.26/bin/npm" "run" "publish"
13 error cwd /Users/jrhodes/personal/rhodesjason.com
14 error node -v v0.10.26
15 error npm -v 1.4.3
16 error code ELIFECYCLE
17 verbose exit [ 1, true ]
